#-----------------------------------------------------------
# Vivado v2015.2 (64-bit)
# SW Build 1266856 on Fri Jun 26 16:35:25 MDT 2015
# IP Build 1264090 on Wed Jun 24 14:22:01 MDT 2015
# Start of session at: Thu Mar 01 09:15:53 2018
# Process ID: 4712
# Log file: D:/CPU/vivado.log
# Journal file: D:/CPU\vivado.jou
#-----------------------------------------------------------
start_gui
open_project D:/CPU/CPU.xpr
Scanning sources...
Finished scanning sources
INFO: [IP_Flow 19-234] Refreshing IP repositories
INFO: [IP_Flow 19-1704] No user IP repositories specified
INFO: [IP_Flow 19-2313] Loaded Vivado IP repository 'C:/Xilinx/Vivado/2015.2/data/ip'.
open_project: Time (s): cpu = 00:00:09 ; elapsed = 00:00:06 . Memory (MB): peak = 707.211 ; gain = 136.102
launch_simulation
WARNING: [Vivado 12-3661] Failed to remove file:D:/CPU/CPU.sim/sim_1/behav/simulate.log
WARNING: [Vivado 12-3661] Failed to remove file:D:/CPU/CPU.sim/sim_1/behav/xelab.pb
INFO: [USF-XSim-27] Simulation object is 'sim_1'
INFO: [USF-XSim-37] Inspecting design source files for 'register_tb' in fileset 'sim_1'...
INFO: [USF-XSim-97] Finding global include files...
INFO: [USF-XSim-98] Fetching design files from 'sim_1'...
INFO: [USF-XSim-2] XSim::Compile design
INFO: [USF-XSim-61] Executing 'COMPILE' step in 'D:/CPU/CPU.sim/sim_1/behav'
"xvlog -m64 --relax -prj register_tb_vlog.prj"
INFO: [VRFC 10-2263] Analyzing Verilog file "D:/CPU/CPU.srcs/sources_1/new/mux.v" into library xil_defaultlib
INFO: [VRFC 10-311] analyzing module mux2
INFO: [VRFC 10-311] analyzing module mux4
INFO: [VRFC 10-2263] Analyzing Verilog file "D:/CPU/CPU.srcs/sources_1/new/divider.v" into library xil_defaultlib
INFO: [VRFC 10-311] analyzing module divider
INFO: [VRFC 10-2263] Analyzing Verilog file "D:/CPU/CPU.srcs/sources_1/new/display.v" into library xil_defaultlib
INFO: [VRFC 10-311] analyzing module display
INFO: [VRFC 10-311] analyzing module changeto8421
INFO: [VRFC 10-311] analyzing module changetohex
INFO: [VRFC 10-311] analyzing module pattern
INFO: [VRFC 10-311] analyzing module counter
INFO: [VRFC 10-311] analyzing module mul_sel
INFO: [VRFC 10-311] analyzing module decoder3_8
INFO: [VRFC 10-2263] Analyzing Verilog file "D:/CPU/CPU.srcs/sources_1/new/Register.v" into library xil_defaultlib
INFO: [VRFC 10-311] analyzing module Reg_1
INFO: [VRFC 10-311] analyzing module Reg_16
INFO: [VRFC 10-311] analyzing module Reg_32
INFO: [VRFC 10-2263] Analyzing Verilog file "D:/CPU/CPU.srcs/sources_1/new/Extender.v" into library xil_defaultlib
INFO: [VRFC 10-311] analyzing module Extender_n
WARNING: [VRFC 10-756] identifier b is used before its declaration [D:/CPU/CPU.srcs/sources_1/new/Extender.v:4]
WARNING: [VRFC 10-756] identifier a is used before its declaration [D:/CPU/CPU.srcs/sources_1/new/Extender.v:5]
INFO: [VRFC 10-311] analyzing module Extender_y
WARNING: [VRFC 10-756] identifier b is used before its declaration [D:/CPU/CPU.srcs/sources_1/new/Extender.v:12]
WARNING: [VRFC 10-756] identifier a is used before its declaration [D:/CPU/CPU.srcs/sources_1/new/Extender.v:13]
INFO: [VRFC 10-2263] Analyzing Verilog file "D:/CPU/CPU.srcs/sources_1/new/ram.v" into library xil_defaultlib
INFO: [VRFC 10-311] analyzing module memory
INFO: [VRFC 10-2263] Analyzing Verilog file "D:/CPU/CPU.srcs/sources_1/new/RFdatain.v" into library xil_defaultlib
INFO: [VRFC 10-311] analyzing module RFdatain
INFO: [VRFC 10-2263] Analyzing Verilog file "D:/CPU/CPU.srcs/sources_1/new/registers.v" into library xil_defaultlib
INFO: [VRFC 10-311] analyzing module registers
INFO: [VRFC 10-2263] Analyzing Verilog file "D:/CPU/CPU.srcs/sources_1/new/PC.v" into library xil_defaultlib
INFO: [VRFC 10-311] analyzing module PC
INFO: [VRFC 10-2263] Analyzing Verilog file "D:/CPU/CPU.srcs/sources_1/new/NPC.v" into library xil_defaultlib
INFO: [VRFC 10-311] analyzing module NPC
INFO: [VRFC 10-2263] Analyzing Verilog file "D:/CPU/CPU.srcs/sources_1/new/mem.v" into library xil_defaultlib
INFO: [VRFC 10-311] analyzing module mem
INFO: [VRFC 10-2263] Analyzing Verilog file "D:/CPU/CPU.srcs/sources_1/new/inst_decoder.v" into library xil_defaultlib
INFO: [VRFC 10-311] analyzing module inst_decoder
INFO: [VRFC 10-2263] Analyzing Verilog file "D:/CPU/CPU.srcs/sources_1/new/inst_count.v" into library xil_defaultlib
INFO: [VRFC 10-311] analyzing module inst_count
INFO: [VRFC 10-2263] Analyzing Verilog file "D:/CPU/CPU.srcs/sources_1/new/extend.v" into library xil_defaultlib
INFO: [VRFC 10-311] analyzing module extend
INFO: [VRFC 10-2263] Analyzing Verilog file "D:/CPU/CPU.srcs/sources_1/new/control.v" into library xil_defaultlib
INFO: [VRFC 10-311] analyzing module control
INFO: [VRFC 10-311] analyzing module op_we
INFO: [VRFC 10-311] analyzing module ctrl_sgn
INFO: [VRFC 10-311] analyzing module ext_sgn
INFO: [VRFC 10-311] analyzing module branch
INFO: [VRFC 10-311] analyzing module equal_6
INFO: [VRFC 10-311] analyzing module equal_12
INFO: [VRFC 10-311] analyzing module equal_13
INFO: [VRFC 10-2263] Analyzing Verilog file "D:/CPU/CPU.srcs/sources_1/new/alu.v" into library xil_defaultlib
INFO: [VRFC 10-311] analyzing module alu
INFO: [VRFC 10-2263] Analyzing Verilog file "D:/CPU/CPU.srcs/sources_1/new/show_choice.v" into library xil_defaultlib
INFO: [VRFC 10-311] analyzing module show_choice
INFO: [VRFC 10-2263] Analyzing Verilog file "D:/CPU/CPU.srcs/sources_1/new/cpu0228_09h06.v" into library xil_defaultlib
INFO: [VRFC 10-311] analyzing module cpu
INFO: [VRFC 10-311] analyzing module plus
INFO: [VRFC 10-2263] Analyzing Verilog file "D:/CPU/CPU.sim/cpu_tb_需补CPU模块参数.v" into library xil_defaultlib
INFO: [VRFC 10-311] analyzing module register_tb
INFO: [VRFC 10-2263] Analyzing Verilog file "D:/CPU/CPU.sim/sim_1/behav/glbl.v" into library xil_defaultlib
INFO: [VRFC 10-311] analyzing module glbl
INFO: [USF-XSim-3] XSim::Elaborate design
INFO: [USF-XSim-61] Executing 'ELABORATE' step in 'D:/CPU/CPU.sim/sim_1/behav'
Vivado Simulator 2015.2
Copyright 1986-1999, 2001-2015 Xilinx, Inc. All Rights Reserved.
Running: C:/Xilinx/Vivado/2015.2/bin/unwrapped/win64.o/xelab.exe -wto af8487a79c614b3ab9500e33fd64b3a7 --debug typical --relax --mt 2 -L xil_defaultlib -L unisims_ver -L unimacro_ver -L secureip --snapshot register_tb_behav xil_defaultlib.register_tb xil_defaultlib.glbl -log elaborate.log 
Using 2 slave threads.
Starting static elaboration
WARNING: [VRFC 10-278] actual bit length 8 differs from formal bit length 6 for port b [D:/CPU/CPU.srcs/sources_1/new/control.v:15]
WARNING: [VRFC 10-278] actual bit length 32 differs from formal bit length 1 for port in [D:/CPU/CPU.srcs/sources_1/new/cpu0228_09h06.v:46]
Completed static elaboration
Starting simulation data flow analysis
WARNING: [XSIM 43-4099] "D:/CPU/CPU.srcs/sources_1/new/inst_count.v" Line 1. Module inst_count doesn't have a timescale but at least one module in design has a timescale.
WARNING: [XSIM 43-4099] "D:/CPU/CPU.srcs/sources_1/new/inst_count.v" Line 1. Module inst_count doesn't have a timescale but at least one module in design has a timescale.
Completed simulation data flow analysis
ERROR: [XSIM 43-3356]  Could not open file xsim.dir/register_tb_behav/xsim.type for writing.
ERROR: [XSIM 43-3915] Encountered a fatal error. Cannot continue. Exiting... 
INFO: [USF-XSim-99] Step results log file:'D:/CPU/CPU.sim/sim_1/behav/elaborate.log'
ERROR: [USF-XSim-62] 'elaborate' step failed with error(s). Please check the Tcl console output or 'D:/CPU/CPU.sim/sim_1/behav/elaborate.log' file for more information.
exit
INFO: [Common 17-206] Exiting Vivado at Thu Mar 01 09:16:55 2018...
